<?xml version="1.0" encoding="UTF-8"?>
<testsuite xmlns:xsi="http://www.w3.org/2001/XMLSchema-instance" xsi:noNamespaceSchemaLocation="https://maven.apache.org/surefire/maven-surefire-plugin/xsd/surefire-test-report.xsd" name="TestSuite" time="38.13" tests="3" errors="0" skipped="0" failures="0">
  <properties>
[...]
</properties>
  <testcase name="runScenario" classname="runners.TestRunner" time="28.937"/>
  <testcase name="runScenario" classname="runners.TestRunner" time="28.937"/>
  <testcase name="runScenario" classname="runners.TestRunner" time="33.085"/>
</testsuite>