<?xml version="1.0" encoding="UTF-8"?>
<testng-results ignored="0" total="3" passed="3" failed="0" skipped="0">
  <reporter-output>
  </reporter-output>
  <suite started-at="2024-10-27T09:28:36 GMT-06:00" name="Surefire suite" finished-at="2024-10-27T09:29:11 GMT-06:00" duration-ms="34371">
    <groups>
      <group name="cucumber">
        <method signature="AbstractTestNGCucumberTests.runScenario(io.cucumber.testng.PickleWrapper,io.cucumber.testng.FeatureWrapper)[pri:0, instance:runners.TestRunner@21ab988f]" name="runScenario" class="io.cucumber.testng.AbstractTestNGCucumberTests"/>
      </group> <!-- cucumber -->
    </groups>
    <test started-at="2024-10-27T09:28:36 GMT-06:00" name="Surefire test" finished-at="2024-10-27T09:29:11 GMT-06:00" duration-ms="34371">
      <class name="runners.TestRunner">
        <test-method is-config="true" signature="setUpClass(org.testng.ITestContext)[pri:0, instance:runners.TestRunner@21ab988f]" started-at="2024-10-27T09:28:37 GMT-06:00" name="setUpClass" finished-at="2024-10-27T09:28:38 GMT-06:00" duration-ms="1126" status="PASS">
          <params>
            <param index="0">
              <value>
                <![CDATA[org.testng.TestRunner@58434b19]]>
              </value>
            </param>
          </params>
          <reporter-output>
          </reporter-output>
        </test-method> <!-- setUpClass -->
        <test-method signature="runScenario(io.cucumber.testng.PickleWrapper,io.cucumber.testng.FeatureWrapper)[pri:0, instance:runners.TestRunner@21ab988f]" started-at="2024-10-27T09:28:38 GMT-06:00" name="runScenario" description="Runs Cucumber Scenarios" data-provider="scenarios" finished-at="2024-10-27T09:29:07 GMT-06:00" duration-ms="28927" status="PASS">
          <params>
            <param index="0">
              <value>
                <![CDATA["Search for a name and Change Language"]]>
              </value>
            </param>
            <param index="1">
              <value>
                <![CDATA["Search and Language Change"]]>
              </value>
            </param>
          </params>
          <reporter-output>
          </reporter-output>
        </test-method> <!-- runScenario -->
        <test-method signature="runScenario(io.cucumber.testng.PickleWrapper,io.cucumber.testng.FeatureWrapper)[pri:0, instance:runners.TestRunner@21ab988f]" started-at="2024-10-27T09:28:38 GMT-06:00" name="runScenario" description="Runs Cucumber Scenarios" data-provider="scenarios" finished-at="2024-10-27T09:29:11 GMT-06:00" duration-ms="33075" status="PASS">
          <params>
            <param index="0">
              <value>
                <![CDATA["Download PDF"]]>
              </value>
            </param>
            <param index="1">
              <value>
                <![CDATA["Download File"]]>
              </value>
            </param>
          </params>
          <reporter-output>
          </reporter-output>
        </test-method> <!-- runScenario -->
        <test-method signature="runScenario(io.cucumber.testng.PickleWrapper,io.cucumber.testng.FeatureWrapper)[pri:0, instance:runners.TestRunner@21ab988f]" started-at="2024-10-27T09:28:38 GMT-06:00" name="runScenario" description="Runs Cucumber Scenarios" data-provider="scenarios" finished-at="2024-10-27T09:29:07 GMT-06:00" duration-ms="28927" status="PASS">
          <params>
            <param index="0">
              <value>
                <![CDATA["Navigate to Page Information"]]>
              </value>
            </param>
            <param index="1">
              <value>
                <![CDATA["Page Information Navigation"]]>
              </value>
            </param>
          </params>
          <reporter-output>
          </reporter-output>
        </test-method> <!-- runScenario -->
        <test-method is-config="true" signature="tearDownClass()[pri:0, instance:runners.TestRunner@21ab988f]" started-at="2024-10-27T09:29:11 GMT-06:00" name="tearDownClass" finished-at="2024-10-27T09:29:11 GMT-06:00" duration-ms="0" status="PASS">
          <reporter-output>
          </reporter-output>
        </test-method> <!-- tearDownClass -->
      </class> <!-- runners.TestRunner -->
    </test> <!-- Surefire test -->
  </suite> <!-- Surefire suite -->
</testng-results>
